<?xml version="1.0" encoding="UTF-8"?>
<!-- Generated by org.testng.reporters.JUnitReportReporter -->
<testsuite hostname="MSI" failures="0" tests="2" name="tdd_elearning.tdd_elearning.course_test" time="0.013" errors="0" timestamp="2023-12-28T08:01:05 IST" skipped="0">
  <testcase classname="tdd_elearning.tdd_elearning.course_test" name="testAddModuleToCourse" time="0.012"/>
  <system-out/>
  <testcase classname="tdd_elearning.tdd_elearning.course_test" name="testCreateCourse" time="0.001"/>
  <system-out/>
</testsuite> <!-- tdd_elearning.tdd_elearning.course_test -->
